<?xml version="1.0" encoding="UTF-8"?>
<testsuite xmlns:xsi="http://www.w3.org/2001/XMLSchema-instance" xsi:noNamespaceSchemaLocation="https://maven.apache.org/surefire/maven-surefire-plugin/xsd/surefire-test-report-3.0.xsd" version="3.0" name="tests.CartTest" time="17.184" tests="4" errors="0" skipped="0" failures="0">
  <properties>
[...]
</properties>
  <testcase name="testAddToCart" classname="tests.CartTest" time="8.213">
    <system-out><![CDATA[Файл конфигурации загружен успешно.
]]></system-out>
    <system-err><![CDATA[мая 26, 2025 2:38:27 PM org.junit.jupiter.engine.discovery.MethodSelectorResolver resolve
WARNING: Possible configuration error: method [void tests.CartTest.testAddToCart()] resulted in multiple TestDescriptors [org.junit.jupiter.engine.descriptor.TestMethodTestDescriptor, org.junit.jupiter.engine.descriptor.TestTemplateTestDescriptor]. This is typically the result of annotating a method with multiple competing annotations such as @Test, @RepeatedTest, @ParameterizedTest, @TestFactory, etc.
мая 26, 2025 2:38:28 PM org.junit.jupiter.engine.discovery.MethodSelectorResolver resolve
WARNING: Possible configuration error: method [void tests.LoginTest.testSuccessfulLogin()] resulted in multiple TestDescriptors [org.junit.jupiter.engine.descriptor.TestMethodTestDescriptor, org.junit.jupiter.engine.descriptor.TestTemplateTestDescriptor]. This is typically the result of annotating a method with multiple competing annotations such as @Test, @RepeatedTest, @ParameterizedTest, @TestFactory, etc.
мая 26, 2025 2:38:28 PM org.junit.jupiter.engine.discovery.MethodSelectorResolver resolve
WARNING: Possible configuration error: method [void tests.CartTest.testAddToCart()] resulted in multiple TestDescriptors [org.junit.jupiter.engine.descriptor.TestTemplateTestDescriptor, org.junit.jupiter.engine.descriptor.TestMethodTestDescriptor]. This is typically the result of annotating a method with multiple competing annotations such as @Test, @RepeatedTest, @ParameterizedTest, @TestFactory, etc.
мая 26, 2025 2:38:28 PM org.junit.jupiter.engine.discovery.MethodSelectorResolver resolve
WARNING: Possible configuration error: method [void tests.LoginTest.testSuccessfulLogin()] resulted in multiple TestDescriptors [org.junit.jupiter.engine.descriptor.TestMethodTestDescriptor, org.junit.jupiter.engine.descriptor.TestTemplateTestDescriptor]. This is typically the result of annotating a method with multiple competing annotations such as @Test, @RepeatedTest, @ParameterizedTest, @TestFactory, etc.
]]></system-err>
  </testcase>
  <testcase name="testAddToCart" classname="tests.CartTest" time="2.855">
    <system-out><![CDATA[Файл конфигурации загружен успешно.
]]></system-out>
  </testcase>
  <testcase name="testAddToCart" classname="tests.CartTest" time="2.805">
    <system-out><![CDATA[Файл конфигурации загружен успешно.
]]></system-out>
  </testcase>
  <testcase name="testAddToCart" classname="tests.CartTest" time="2.753">
    <system-out><![CDATA[Файл конфигурации загружен успешно.
]]></system-out>
  </testcase>
</testsuite>